<?xml version="1.0" encoding="UTF-8"?>
<!-- Generated by org.testng.reporters.JUnitXMLReporter -->
<testsuite ignored="0" hostname="DESKTOP-I1QB8VS" failures="0" tests="1" name="Test" time="6.748" errors="0" timestamp="2024-05-18T13:49:35 IST">
  <testcase classname="testcases.BaseTest" name="@BeforeMethod setup" time="6.471">
    <failure type="java.lang.AssertionError" message="expected [https://omayo.blogspot.com/] but found [data:,]">
      <![CDATA[java.lang.AssertionError: expected [https://omayo.blogspot.com/] but found [data:,]
at testcases.BaseTest.setup(BaseTest.java:29)
at java.base/java.util.ArrayList.forEach(ArrayList.java:1596)
... Removed 35 stack frames]]>
    </failure>
  </testcase> <!-- @BeforeMethod setup -->
  <testcase classname="testcases.VerifyDropDownOptions" name="verifyDropdownOptions" time="0.0">
    <skipped/>
  </testcase> <!-- verifyDropdownOptions -->
</testsuite> <!-- Test -->
